\BOOKMARK [0][-]{chapter.1}{\376\377\000I\000n\000t\000r\000o\000d\000u\000c\000t\000i\000o\000n\000\040\000\040\000\040}{}% 1
\BOOKMARK [0][-]{chapter.2}{\376\377\000P\000r\000o\000j\000e\000c\000t\000\040\000D\000e\000s\000c\000r\000i\000p\000t\000i\000o\000n\000\040\000\040\000\040}{}% 2
\BOOKMARK [1][-]{section.2.1}{\376\377\000F\000M\000C\000W\000\040\000R\000a\000d\000a\000r\000\040\000P\000C\000B}{chapter.2}% 3
\BOOKMARK [0][-]{chapter.3}{\376\377\000R\000e\000s\000o\000u\000r\000c\000e\000s\000\040\000\040\000\040}{}% 4
\BOOKMARK [0][-]{chapter.4}{\376\377\000R\000a\000d\000a\000r\000\040\000T\000h\000e\000o\000r\000y\000\040\000\040\000\040}{}% 5
\BOOKMARK [0][-]{chapter.5}{\376\377\000P\000a\000r\000t\000\040\000S\000e\000l\000e\000c\000t\000i\000o\000n\000\040\000\040\000\040}{}% 6
\BOOKMARK [1][-]{section.5.1}{\376\377\000V\000o\000l\000t\000a\000g\000e\000\040\000C\000o\000n\000t\000r\000o\000l\000l\000e\000d\000\040\000O\000s\000c\000i\000l\000l\000a\000t\000o\000r\000\040\000\050\000V\000C\000O\000\051}{chapter.5}% 7
\BOOKMARK [1][-]{section.5.2}{\376\377\000P\000o\000w\000e\000r\000\040\000D\000i\000v\000i\000d\000e\000r}{chapter.5}% 8
\BOOKMARK [1][-]{section.5.3}{\376\377\000P\000h\000a\000s\000e\000\040\000S\000h\000i\000f\000t\000e\000r}{chapter.5}% 9
\BOOKMARK [1][-]{section.5.4}{\376\377\000P\000o\000w\000e\000r\000\040\000A\000m\000p\000l\000i\000f\000i\000e\000r}{chapter.5}% 10
\BOOKMARK [1][-]{section.5.5}{\376\377\000L\000o\000w\000\040\000N\000o\000i\000s\000e\000\040\000A\000m\000p\000l\000i\000f\000i\000e\000r}{chapter.5}% 11
\BOOKMARK [1][-]{section.5.6}{\376\377\000M\000i\000x\000e\000r\000/\000L\000O\000\040\000A\000m\000p}{chapter.5}% 12
\BOOKMARK [0][-]{chapter.6}{\376\377\000P\000C\000B\000\040\000\040\000\040}{}% 13
\BOOKMARK [1][-]{section.6.1}{\376\377\000S\000c\000h\000e\000m\000a\000t\000i\000c}{chapter.6}% 14
\BOOKMARK [2][-]{subsection.6.1.1}{\376\377\000O\000R\000C\000a\000d\000\040\000C\000a\000p\000t\000u\000r\000e\000\040\000O\000v\000e\000r\000v\000i\000e\000w}{section.6.1}% 15
\BOOKMARK [2][-]{subsection.6.1.2}{\376\377\000C\000i\000r\000c\000u\000i\000t\000r\000y\000\040\000G\000o\000o\000d\000\040\000P\000r\000a\000c\000t\000i\000c\000e\000s}{section.6.1}% 16
\BOOKMARK [2][-]{subsection.6.1.3}{\376\377\000T\000r\000a\000n\000s\000m\000i\000t\000t\000e\000r}{section.6.1}% 17
\BOOKMARK [2][-]{subsection.6.1.4}{\376\377\000R\000e\000c\000e\000i\000v\000e\000r}{section.6.1}% 18
\BOOKMARK [1][-]{section.6.2}{\376\377\000L\000a\000y\000o\000u\000t}{chapter.6}% 19
\BOOKMARK [0][-]{chapter.7}{\376\377\000D\000i\000g\000i\000t\000a\000l\000\040\000P\000r\000o\000c\000e\000s\000s\000i\000n\000g\000\040\000\040\000\040}{}% 20
\BOOKMARK [0][-]{chapter.8}{\376\377\000N\000e\000t\000w\000o\000r\000k\000i\000n\000g\000\040\000\040\000\040}{}% 21
\BOOKMARK [0][-]{chapter.9}{\376\377\000R\000e\000s\000u\000l\000t\000s\000\040\000\040\000\040}{}% 22
\BOOKMARK [0][-]{chapter.10}{\376\377\000I\000s\000s\000u\000e\000s\000\040\000\040\000\040}{}% 23
